<?xml version="1.0" encoding="UTF-8"?>
<!-- Generated by org.testng.reporters.JUnitXMLReporter -->
<testsuite hostname="DESKTOP-ASH3P1V" ignored="5" name="任务系统测试" tests="8" failures="0" timestamp="2020-04-17T15:38:25 CST" time="2.013" errors="0">
  <testcase name="getBalance" time="0.888" classname="com.cases.CaseTest"/>
  <testcase name="getCustomCode" time="0.021" classname="com.cases.CaseTest"/>
  <testcase name="getCustomID" time="0.108" classname="com.cases.CaseTest"/>
  <testcase name="getUserLevel" time="0.056" classname="com.cases.CaseTest"/>
  <testcase name="addIntegra" time="0.166" classname="com.cases.PressureTestCase"/>
  <testcase name="getInfoFrom" time="0.11" classname="com.cases.PressureTestCase"/>
  <testcase name="getPlayPluginTask" time="0.018" classname="com.cases.PressureTestCase"/>
  <testcase name="visitHomePage" time="0.605" classname="com.cases.PressureTestCase"/>
  <testcase name="reSignIn" time="0.0" classname="com.cases.CaseTest">
    <ignored/>
  </testcase> <!-- reSignIn -->
  <testcase name="sendInfo" time="0.0" classname="com.cases.PressureTestCase">
    <ignored/>
  </testcase> <!-- sendInfo -->
  <testcase name="visitMyTask" time="0.0" classname="com.cases.PressureTestCase">
    <ignored/>
  </testcase> <!-- visitMyTask -->
  <testcase name="visitTask" time="0.0" classname="com.cases.PressureTestCase">
    <ignored/>
  </testcase> <!-- visitTask -->
  <testcase name="signIn" time="0.0" classname="com.cases.CaseTest">
    <ignored/>
  </testcase> <!-- signIn -->
</testsuite> <!-- 任务系统测试 -->
