<?xml version="1.0" encoding="UTF-8"?>
<!-- Generated by org.testng.reporters.JUnitXMLReporter -->
<testsuite hostname="DESKTOP-ASH3P1V" ignored="0" name="test" tests="18" failures="0" timestamp="2020-04-15T19:11:57 CST" time="2.229" errors="0">
  <testcase name="getJokeCase" time="1.27" classname="com.cases.Cases"/>
  <testcase name="getLikePoetry" time="0.1" classname="com.cases.Cases"/>
  <testcase name="getRecommendPoetry" time="0.02" classname="com.cases.Cases"/>
  <testcase name="getSearchAuthors" time="0.03" classname="com.cases.Cases"/>
  <testcase name="getSearchPoetry" time="0.02" classname="com.cases.Cases"/>
  <testcase name="getSingleJoke" time="0.06" classname="com.cases.Cases"/>
  <testcase name="getSinglePoetry" time="0.02" classname="com.cases.Cases"/>
  <testcase name="getSongPoetry" time="0.02" classname="com.cases.Cases"/>
  <testcase name="getTangPoetry" time="0.02" classname="com.cases.Cases"/>
  <testcase name="musicBroadcasting" time="0.03" classname="com.cases.Cases"/>
  <testcase name="musicBroadcastingDetailsv" time="0.02" classname="com.cases.Cases"/>
  <testcase name="musicRankings" time="0.03" classname="com.cases.Cases"/>
  <testcase name="musicRankingsDetails" time="0.02" classname="com.cases.Cases"/>
  <testcase name="todayVideo" time="0.1" classname="com.cases.Cases"/>
  <testcase name="videoCategory" time="0.03" classname="com.cases.Cases"/>
  <testcase name="videoCategoryDetails" time="0.11" classname="com.cases.Cases"/>
  <testcase name="videoHomeTab" time="0.04" classname="com.cases.Cases"/>
  <testcase name="videoRecommend" time="0.089" classname="com.cases.Cases"/>
</testsuite> <!-- test -->
