<?xml version="1.0" encoding="UTF-8"?>
<testsuite xmlns:xsi="http://www.w3.org/2001/XMLSchema-instance" xsi:noNamespaceSchemaLocation="https://maven.apache.org/surefire/maven-surefire-plugin/xsd/surefire-test-report.xsd" name="TestSuite" time="13.216" tests="18" errors="0" skipped="0" failures="0">
  <properties>
[...]
</properties>
  <testcase name="getJokeCase" classname="com.cases.Cases" time="1.348"/>
  <testcase name="getLikePoetry" classname="com.cases.Cases" time="0.117"/>
  <testcase name="getRecommendPoetry" classname="com.cases.Cases" time="0.014"/>
  <testcase name="getSearchAuthors" classname="com.cases.Cases" time="0.024"/>
  <testcase name="getSearchPoetry" classname="com.cases.Cases" time="0.019"/>
  <testcase name="getSingleJoke" classname="com.cases.Cases" time="0.042"/>
  <testcase name="getSinglePoetry" classname="com.cases.Cases" time="0.031"/>
  <testcase name="getSongPoetry" classname="com.cases.Cases" time="0.018"/>
  <testcase name="getTangPoetry" classname="com.cases.Cases" time="0.016"/>
  <testcase name="musicBroadcasting" classname="com.cases.Cases" time="1.401"/>
  <testcase name="musicBroadcastingDetailsv" classname="com.cases.Cases" time="0.013"/>
  <testcase name="musicRankings" classname="com.cases.Cases" time="1.727"/>
  <testcase name="musicRankingsDetails" classname="com.cases.Cases" time="0.014"/>
  <testcase name="todayVideo" classname="com.cases.Cases" time="6.368"/>
  <testcase name="videoCategory" classname="com.cases.Cases" time="1.059"/>
  <testcase name="videoCategoryDetails" classname="com.cases.Cases" time="0.016"/>
  <testcase name="videoHomeTab" classname="com.cases.Cases" time="0"/>
  <testcase name="videoRecommend" classname="com.cases.Cases" time="0.01"/>
</testsuite>